<?xml version="1.0" encoding="UTF-8"?>
<!-- Generated by org.testng.reporters.JUnitXMLReporter -->
<testsuite hostname="DESKTOP-H3TL2AS" ignored="0" name="BankingApp Test" tests="1" failures="1" timestamp="2020-05-27T11:53:35 CEST" time="17.858" errors="0">
  <testcase name="loginTest" time="2.929" classname="com.selenium.testCases.TC_LoginTest_001">
    <failure type="java.lang.AssertionError" message="expected [true] but found [false]">
      <![CDATA[java.lang.AssertionError: expected [true] but found [false]
at com.selenium.testCases.TC_LoginTest_001.loginTest(TC_LoginTest_001.java:41)
at java.util.ArrayList.forEach(ArrayList.java:1257)
... Removed 31 stack frames]]>
    </failure>
  </testcase> <!-- loginTest -->
</testsuite> <!-- BankingApp Test -->
